<?xml version="1.0" encoding="UTF-8"?>
<!-- Generated by org.testng.reporters.JUnitReportReporter -->
<testsuite hostname="DESKTOP-I0JKDSF" failures="0" tests="4" name="labTest.SumVerifyTest" time="247.941" errors="0" timestamp="11 сент. 2021 12:13:47 GMT" skipped="0">
  <testcase classname="labTest.SumVerifyTest" name="givenFilter_whenTheMostExpensiveProductAddedToCart_thenTotalPriceLessThanBound" time="52.617"/>
  <testcase classname="labTest.SumVerifyTest" name="givenFilter_whenTheMostExpensiveProductAddedToCart_thenTotalPriceLessThanBound" time="64.345"/>
  <testcase classname="labTest.SumVerifyTest" name="givenFilter_whenTheMostExpensiveProductAddedToCart_thenTotalPriceLessThanBound" time="65.610"/>
  <testcase classname="labTest.SumVerifyTest" name="givenFilter_whenTheMostExpensiveProductAddedToCart_thenTotalPriceLessThanBound" time="65.369"/>
</testsuite> <!-- labTest.SumVerifyTest -->
