<?xml version="1.0" encoding="UTF-8"?>
<!-- Generated by org.testng.reporters.JUnitReportReporter -->
<testsuite hostname="yurii-HP-Pavilion-Notebook" failures="0" tests="8" name="labTest.SumVerifyTest" time="328.216" errors="0" timestamp="10 Sep 2021 10:45:08 GMT" skipped="0">
  <testcase classname="labTest.SumVerifyTest" name="givenFilter_whenTheMostExpensiveProductAddedToCart_thenTotalPriceLessThanBound" time="63.606"/>
  <testcase classname="labTest.SumVerifyTest" name="givenFilter_whenTheMostExpensiveProductAddedToCart_thenTotalPriceLessThanBound" time="49.384"/>
  <testcase classname="labTest.SumVerifyTest" name="givenFilter_whenProductsPageSearch_thenSuccess" time="22.424"/>
  <testcase classname="labTest.SumVerifyTest" name="givenFilter_whenProductsPageSearch_thenSuccess" time="22.650"/>
  <testcase classname="labTest.SumVerifyTest" name="givenFilter_whenProductsPageSearch_thenSuccess" time="22.084"/>
  <testcase classname="labTest.SumVerifyTest" name="givenFilter_whenProductsPageSearch_thenSuccess" time="23.676"/>
  <testcase classname="labTest.SumVerifyTest" name="givenFilter_whenTheMostExpensiveProductAddedToCart_thenTotalPriceLessThanBound" time="63.490"/>
  <testcase classname="labTest.SumVerifyTest" name="givenFilter_whenTheMostExpensiveProductAddedToCart_thenTotalPriceLessThanBound" time="60.902"/>
</testsuite> <!-- labTest.SumVerifyTest -->
